This is pdfTeX, Version 3.14159265-2.6-1.40.18 (TeX Live 2017/Debian) (preloaded format=pdflatex 2018.10.13)  21 AUG 2019 13:18
entering extended mode
 restricted \write18 enabled.
 %&-line parsing enabled.
**twopage.tex
(./twopage.tex
LaTeX2e <2017-04-15>
Babel <3.18> and hyphenation patterns for 84 language(s) loaded.
(/usr/share/texlive/texmf-dist/tex/latex/base/article.cls
Document Class: article 2014/09/29 v1.4h Standard LaTeX document class
(/usr/share/texlive/texmf-dist/tex/latex/base/size10.clo
File: size10.clo 2014/09/29 v1.4h Standard LaTeX file (size option)
)
\c@part=\count79
\c@section=\count80
\c@subsection=\count81
\c@subsubsection=\count82
\c@paragraph=\count83
\c@subparagraph=\count84
\c@figure=\count85
\c@table=\count86
\abovecaptionskip=\skip41
\belowcaptionskip=\skip42
\bibindent=\dimen102
)
(/usr/share/texlive/texmf-dist/tex/latex/pdfpages/pdfpages.sty
Package: pdfpages 2017/10/31 v0.5l Insert pages of external PDF documents (AM)

(/usr/share/texlive/texmf-dist/tex/latex/base/ifthen.sty
Package: ifthen 2014/09/29 v1.1c Standard LaTeX ifthen package (DPC)
)
(/usr/share/texlive/texmf-dist/tex/latex/tools/calc.sty
Package: calc 2014/10/28 v4.3 Infix arithmetic (KKT,FJ)
\calc@Acount=\count87
\calc@Bcount=\count88
\calc@Adimen=\dimen103
\calc@Bdimen=\dimen104
\calc@Askip=\skip43
\calc@Bskip=\skip44
LaTeX Info: Redefining \setlength on input line 80.
LaTeX Info: Redefining \addtolength on input line 81.
\calc@Ccount=\count89
\calc@Cskip=\skip45
)
(/usr/share/texlive/texmf-dist/tex/latex/eso-pic/eso-pic.sty
Package: eso-pic 2015/07/21 v2.0g eso-pic (RN)

(/usr/share/texlive/texmf-dist/tex/generic/oberdiek/atbegshi.sty
Package: atbegshi 2016/06/09 v1.18 At begin shipout hook (HO)

(/usr/share/texlive/texmf-dist/tex/generic/oberdiek/infwarerr.sty
Package: infwarerr 2016/05/16 v1.4 Providing info/warning/error messages (HO)
)
(/usr/share/texlive/texmf-dist/tex/generic/oberdiek/ltxcmds.sty
Package: ltxcmds 2016/05/16 v1.23 LaTeX kernel commands for general use (HO)
)
(/usr/share/texlive/texmf-dist/tex/generic/oberdiek/ifpdf.sty
Package: ifpdf 2017/03/15 v3.2 Provides the ifpdf switch
))
(/usr/share/texlive/texmf-dist/tex/latex/graphics/keyval.sty
Package: keyval 2014/10/28 v1.15 key=value parser (DPC)
\KV@toks@=\toks14
)
(/usr/share/texlive/texmf-dist/tex/latex/xcolor/xcolor.sty
Package: xcolor 2016/05/11 v2.12 LaTeX color extensions (UK)

(/usr/share/texlive/texmf-dist/tex/latex/graphics-cfg/color.cfg
File: color.cfg 2016/01/02 v1.6 sample color configuration
)
Package xcolor Info: Driver file: pdftex.def on input line 225.

(/usr/share/texlive/texmf-dist/tex/latex/graphics-def/pdftex.def
File: pdftex.def 2018/01/08 v1.0l Graphics/color driver for pdftex
)
Package xcolor Info: Model `cmy' substituted by `cmy0' on input line 1348.
Package xcolor Info: Model `hsb' substituted by `rgb' on input line 1352.
Package xcolor Info: Model `RGB' extended on input line 1364.
Package xcolor Info: Model `HTML' substituted by `rgb' on input line 1366.
Package xcolor Info: Model `Hsb' substituted by `hsb' on input line 1367.
Package xcolor Info: Model `tHsb' substituted by `hsb' on input line 1368.
Package xcolor Info: Model `HSB' substituted by `hsb' on input line 1369.
Package xcolor Info: Model `Gray' substituted by `gray' on input line 1370.
Package xcolor Info: Model `wave' substituted by `hsb' on input line 1371.
))
(/usr/share/texlive/texmf-dist/tex/latex/graphics/graphicx.sty
Package: graphicx 2017/06/01 v1.1a Enhanced LaTeX Graphics (DPC,SPQR)

(/usr/share/texlive/texmf-dist/tex/latex/graphics/graphics.sty
Package: graphics 2017/06/25 v1.2c Standard LaTeX Graphics (DPC,SPQR)

(/usr/share/texlive/texmf-dist/tex/latex/graphics/trig.sty
Package: trig 2016/01/03 v1.10 sin cos tan (DPC)
)
(/usr/share/texlive/texmf-dist/tex/latex/graphics-cfg/graphics.cfg
File: graphics.cfg 2016/06/04 v1.11 sample graphics configuration
)
Package graphics Info: Driver file: pdftex.def on input line 99.
)
\Gin@req@height=\dimen105
\Gin@req@width=\dimen106
)
\AM@pagewidth=\dimen107
\AM@pageheight=\dimen108

(/usr/share/texlive/texmf-dist/tex/latex/pdfpages/pppdftex.def
File: pppdftex.def 2017/10/31 v0.5l Pdfpages driver for pdfTeX (AM)
)
\AM@pagebox=\box26
\AM@global@opts=\toks15
\AM@toc@title=\toks16
\c@AM@survey=\count90
\AM@templatesizebox=\box27
) (./twopage.aux)
\openout1 = `twopage.aux'.

LaTeX Font Info:    Checking defaults for OML/cmm/m/it on input line 4.
LaTeX Font Info:    ... okay on input line 4.
LaTeX Font Info:    Checking defaults for T1/cmr/m/n on input line 4.
LaTeX Font Info:    ... okay on input line 4.
LaTeX Font Info:    Checking defaults for OT1/cmr/m/n on input line 4.
LaTeX Font Info:    ... okay on input line 4.
LaTeX Font Info:    Checking defaults for OMS/cmsy/m/n on input line 4.
LaTeX Font Info:    ... okay on input line 4.
LaTeX Font Info:    Checking defaults for OMX/cmex/m/n on input line 4.
LaTeX Font Info:    ... okay on input line 4.
LaTeX Font Info:    Checking defaults for U/cmr/m/n on input line 4.
LaTeX Font Info:    ... okay on input line 4.
\AtBeginShipoutBox=\box28
 (/usr/share/texlive/texmf-dist/tex/context/base/mkii/supp-pdf.mkii
[Loading MPS to PDF converter (version 2006.09.02).]
\scratchcounter=\count91
\scratchdimen=\dimen109
\scratchbox=\box29
\nofMPsegments=\count92
\nofMParguments=\count93
\everyMPshowfont=\toks17
\MPscratchCnt=\count94
\MPscratchDim=\dimen110
\MPnumerator=\count95
\makeMPintoPDFobject=\count96
\everyMPtoPDFconversion=\toks18
) (/usr/share/texlive/texmf-dist/tex/latex/oberdiek/epstopdf-base.sty
Package: epstopdf-base 2016/05/15 v2.6 Base part for package epstopdf

(/usr/share/texlive/texmf-dist/tex/latex/oberdiek/grfext.sty
Package: grfext 2016/05/16 v1.2 Manage graphics extensions (HO)

(/usr/share/texlive/texmf-dist/tex/generic/oberdiek/kvdefinekeys.sty
Package: kvdefinekeys 2016/05/16 v1.4 Define keys (HO)
))
(/usr/share/texlive/texmf-dist/tex/latex/oberdiek/kvoptions.sty
Package: kvoptions 2016/05/16 v3.12 Key value format for package options (HO)

(/usr/share/texlive/texmf-dist/tex/generic/oberdiek/kvsetkeys.sty
Package: kvsetkeys 2016/05/16 v1.17 Key value parser (HO)

(/usr/share/texlive/texmf-dist/tex/generic/oberdiek/etexcmds.sty
Package: etexcmds 2016/05/16 v1.6 Avoid name clashes with e-TeX commands (HO)

(/usr/share/texlive/texmf-dist/tex/generic/oberdiek/ifluatex.sty
Package: ifluatex 2016/05/16 v1.4 Provides the ifluatex switch (HO)
Package ifluatex Info: LuaTeX not detected.
)
Package etexcmds Info: Could not find \expanded.
(etexcmds)             That can mean that you are not using pdfTeX 1.50 or
(etexcmds)             that some package has redefined \expanded.
(etexcmds)             In the latter case, load this package earlier.
)))
(/usr/share/texlive/texmf-dist/tex/generic/oberdiek/pdftexcmds.sty
Package: pdftexcmds 2018/01/21 v0.26 Utility functions of pdfTeX for LuaTeX (HO
)
Package pdftexcmds Info: LuaTeX not detected.
Package pdftexcmds Info: \pdf@primitive is available.
Package pdftexcmds Info: \pdf@ifprimitive is available.
Package pdftexcmds Info: \pdfdraftmode found.
)
Package epstopdf-base Info: Redefining graphics rule for `.eps' on input line 4
38.
Package grfext Info: Graphics extension search list:
(grfext)             [.pdf,.png,.jpg,.mps,.jpeg,.jbig2,.jb2,.PDF,.PNG,.JPG,.JPE
G,.JBIG2,.JB2,.eps]
(grfext)             \AppendGraphicsExtensions on input line 456.

(/usr/share/texlive/texmf-dist/tex/latex/latexconfig/epstopdf-sys.cfg
File: epstopdf-sys.cfg 2010/07/13 v1.3 Configuration of (r)epstopdf for TeX Liv
e
))
(/usr/share/texlive/texmf-dist/tex/latex/oberdiek/pdflscape.sty
Package: pdflscape 2016/05/14 v0.11 Display of landscape pages in PDF (HO)

(/usr/share/texlive/texmf-dist/tex/latex/graphics/lscape.sty
Package: lscape 2000/10/22 v3.01 Landscape Pages (DPC)
)
Package pdflscape Info: Auto-detected driver: pdftex on input line 81.

(/usr/share/texlive/texmf-dist/tex/generic/ifxetex/ifxetex.sty
Package: ifxetex 2010/09/12 v0.6 Provides ifxetex conditional
))
<proofs/ssc_memo_frm_website.pdf, id=1, page=1, 614.295pt x 794.97pt>
File: proofs/ssc_memo_frm_website.pdf Graphic file (type pdf)
<use proofs/ssc_memo_frm_website.pdf, page 1>
Package pdftex.def Info: proofs/ssc_memo_frm_website.pdf , page1 used on input 
line 6.
(pdftex.def)             Requested size: 307.14674pt x 397.48402pt.
 [1

{/var/lib/texmf/fonts/map/pdftex/updmap/pdftex.map} <./proofs/ssc_memo_frm_webs
ite.pdf>]
<proofs/ssc_memo.jpg, id=16, 1397.22pt x 1782.66pt>
File: proofs/ssc_memo.jpg Graphic file (type jpg)
<use proofs/ssc_memo.jpg>
Package pdftex.def Info: proofs/ssc_memo.jpg  used on input line 8.
(pdftex.def)             Requested size: 279.43906pt x 356.52568pt.
<proofs/certificates.pdf, id=17, page=11, 614.295pt x 845.1575pt>
File: proofs/certificates.pdf Graphic file (type pdf)
<use proofs/certificates.pdf, page 11>
Package pdftex.def Info: proofs/certificates.pdf , page11 used on input line 10
.
(pdftex.def)             Requested size: 307.14674pt x 422.57771pt.

Underfull \hbox (badness 10000) in paragraph at lines 10--11

 []

[2 <./proofs/ssc_memo.jpg>]
<proofs/b_tech.jpg, id=21, 1409.265pt x 2089.8075pt>
File: proofs/b_tech.jpg Graphic file (type jpg)
<use proofs/b_tech.jpg>
Package pdftex.def Info: proofs/b_tech.jpg  used on input line 12.
(pdftex.def)             Requested size: 422.78276pt x 626.9471pt.

Overfull \hbox (77.78276pt too wide) in paragraph at lines 12--13
[] 
 []

[3 <./proofs/certificates.pdf>]
Overfull \vbox (97.84985pt too high) has occurred while \output is active []


[4 <./proofs/b_tech.jpg>]
LaTeX Font Info:    External font `cmex10' loaded for size
(Font)              <14.4> on input line 13.
LaTeX Font Info:    External font `cmex10' loaded for size
(Font)              <7> on input line 13.
<proofs/mtp.pdf, id=31, page=1, 597.23125pt x 844.15375pt>
File: proofs/mtp.pdf Graphic file (type pdf)
<use proofs/mtp.pdf, page 1>
Package pdftex.def Info: proofs/mtp.pdf , page1 used on input line 14.
(pdftex.def)             Requested size: 298.61488pt x 422.07584pt.
<proofs/mtp.pdf, id=32, page=2, 597.23125pt x 844.15375pt>
File: proofs/mtp.pdf Graphic file (type pdf)
<use proofs/mtp.pdf, page 2>
Package pdftex.def Info: proofs/mtp.pdf , page2 used on input line 15.
(pdftex.def)             Requested size: 298.61488pt x 422.07584pt.

Overfull \vbox (316.05443pt too high) has occurred while \output is active []


[5 <./proofs/mtp.pdf> <./proofs/mtp.pdf

pdfTeX warning: pdflatex (file ./proofs/mtp.pdf): PDF inclusion: multiple pdfs 
with page group included in a single page
>]
<proofs/workex.pdf, id=67, page=1, 597.23125pt x 844.15375pt>
File: proofs/workex.pdf Graphic file (type pdf)
<use proofs/workex.pdf, page 1>
Package pdftex.def Info: proofs/workex.pdf , page1 used on input line 17.
(pdftex.def)             Requested size: 298.61488pt x 422.07584pt.

Underfull \hbox (badness 10000) in paragraph at lines 17--19

 []

<proofs/Interview_portal.pdf, id=68, page=1, 597.23125pt x 844.15375pt>
File: proofs/Interview_portal.pdf Graphic file (type pdf)
<use proofs/Interview_portal.pdf, page 1>
Package pdftex.def Info: proofs/Interview_portal.pdf , page1 used on input line
 21.
(pdftex.def)             Requested size: 298.61488pt x 422.07584pt.

Underfull \hbox (badness 10000) in paragraph at lines 21--22

 []

[6 <./proofs/workex.pdf>]
<proofs/wireless_project.png, id=109, 1606.0pt x 874.26625pt>
File: proofs/wireless_project.png Graphic file (type png)
<use proofs/wireless_project.png>
Package pdftex.def Info: proofs/wireless_project.png  used on input line 24.
(pdftex.def)             Requested size: 401.49902pt x 218.56602pt.

Overfull \hbox (56.49902pt too wide) in paragraph at lines 23--25
[] 
 []

[7 <./proofs/Interview_portal.pdf>]
<proofs/wireless.png, id=138, 1606.0pt x 874.26625pt>
File: proofs/wireless.png Graphic file (type png)
<use proofs/wireless.png>
Package pdftex.def Info: proofs/wireless.png  used on input line 27.
(pdftex.def)             Requested size: 401.49902pt x 218.56602pt.

Overfull \hbox (56.49902pt too wide) in paragraph at lines 26--28
[] 
 []

<proofs/image_processing.png, id=139, 1606.0pt x 874.26625pt>
File: proofs/image_processing.png Graphic file (type png)
<use proofs/image_processing.png>
Package pdftex.def Info: proofs/image_processing.png  used on input line 30.
(pdftex.def)             Requested size: 401.49902pt x 218.56602pt.

Overfull \hbox (56.49902pt too wide) in paragraph at lines 29--31
[] 
 []

[8 <./proofs/wireless_project.png> <./proofs/wireless.png>]
File: proofs/image_processing.png Graphic file (type png)
<use proofs/image_processing.png>
Package pdftex.def Info: proofs/image_processing.png  used on input line 33.
(pdftex.def)             Requested size: 401.49902pt x 218.56602pt.

Overfull \hbox (56.49902pt too wide) in paragraph at lines 32--34
[] 
 []

<proofs/wavelets.png, id=145, 1606.0pt x 874.26625pt>
File: proofs/wavelets.png Graphic file (type png)
<use proofs/wavelets.png>
Package pdftex.def Info: proofs/wavelets.png  used on input line 36.
(pdftex.def)             Requested size: 401.49902pt x 218.56602pt.

Overfull \hbox (56.49902pt too wide) in paragraph at lines 35--37
[] 
 []

[9 <./proofs/image_processing.png>]
<proofs/spam_url.pdf, id=150, page=1, 844.15375pt x 597.23125pt>
File: proofs/spam_url.pdf Graphic file (type pdf)
<use proofs/spam_url.pdf, page 1>
Package pdftex.def Info: proofs/spam_url.pdf , page1 used on input line 38.
(pdftex.def)             Requested size: 422.07584pt x 298.61488pt.

Overfull \hbox (77.07584pt too wide) in paragraph at lines 38--39
[] 
 []


Underfull \hbox (badness 10000) in paragraph at lines 38--39

 []

[10 <./proofs/wavelets.png>]
<proofs/sysad_work.pdf, id=155, page=1, 844.15375pt x 597.23125pt>
File: proofs/sysad_work.pdf Graphic file (type pdf)
<use proofs/sysad_work.pdf, page 1>
Package pdftex.def Info: proofs/sysad_work.pdf , page1 used on input line 40.
(pdftex.def)             Requested size: 422.07584pt x 298.61488pt.
<proofs/sysad_work.pdf, id=156, page=2, 844.15375pt x 597.23125pt>
File: proofs/sysad_work.pdf Graphic file (type pdf)
<use proofs/sysad_work.pdf, page 2>
Package pdftex.def Info: proofs/sysad_work.pdf , page2 used on input line 41.
(pdftex.def)             Requested size: 422.07584pt x 298.61488pt.

Overfull \hbox (77.07584pt too wide) in paragraph at lines 40--42
[] 
 []


Overfull \hbox (77.07584pt too wide) in paragraph at lines 40--42
[] 
 []


Underfull \hbox (badness 10000) in paragraph at lines 40--42

 []

[11 <./proofs/spam_url.pdf>]
Overfull \vbox (71.93251pt too high) has occurred while \output is active []


[12 <./proofs/sysad_work.pdf> <./proofs/sysad_work.pdf

pdfTeX warning: pdflatex (file ./proofs/sysad_work.pdf): PDF inclusion: multipl
e pdfs with page group included in a single page
>]
<proofs/pgac.pdf, id=224, page=1, 844.15375pt x 597.23125pt>
File: proofs/pgac.pdf Graphic file (type pdf)
<use proofs/pgac.pdf, page 1>
Package pdftex.def Info: proofs/pgac.pdf , page1 used on input line 43.
(pdftex.def)             Requested size: 422.07584pt x 298.61488pt.

Overfull \hbox (77.07584pt too wide) in paragraph at lines 43--44
[] 
 []


Underfull \hbox (badness 10000) in paragraph at lines 43--44

 []

[13 <./proofs/pgac.pdf>]
<proofs/web_nominee.pdf, id=259, page=1, 614.05411pt x 844.5954pt>
File: proofs/web_nominee.pdf Graphic file (type pdf)
<use proofs/web_nominee.pdf, page 1>
Package pdftex.def Info: proofs/web_nominee.pdf , page1 used on input line 45.
(pdftex.def)             Requested size: 307.02629pt x 422.29666pt.
<proofs/ML_certificate.pdf, id=260, page=1, 794.97pt x 614.295pt>
File: proofs/ML_certificate.pdf Graphic file (type pdf)
<use proofs/ML_certificate.pdf, page 1>
Package pdftex.def Info: proofs/ML_certificate.pdf , page1 used on input line 5
3.
(pdftex.def)             Requested size: 397.48402pt x 307.14674pt.

Overfull \hbox (52.48402pt too wide) in paragraph at lines 53--54
[] 
 []


Underfull \hbox (badness 10000) in paragraph at lines 53--54

 []

[14 <./proofs/web_nominee.pdf>]
LaTeX Font Info:    External font `cmex10' loaded for size
(Font)              <12> on input line 54.
LaTeX Font Info:    External font `cmex10' loaded for size
(Font)              <8> on input line 54.
LaTeX Font Info:    External font `cmex10' loaded for size
(Font)              <6> on input line 54.
<proofs/bridge_courses.pdf, id=266, page=1, 844.15375pt x 597.23125pt>
File: proofs/bridge_courses.pdf Graphic file (type pdf)
<use proofs/bridge_courses.pdf, page 1>
Package pdftex.def Info: proofs/bridge_courses.pdf , page1 used on input line 5
5.
(pdftex.def)             Requested size: 422.07584pt x 298.61488pt.
<proofs/bridge_courses.pdf, id=267, page=2, 844.15375pt x 597.23125pt>
File: proofs/bridge_courses.pdf Graphic file (type pdf)
<use proofs/bridge_courses.pdf, page 2>
Package pdftex.def Info: proofs/bridge_courses.pdf , page2 used on input line 5
6.
(pdftex.def)             Requested size: 422.07584pt x 298.61488pt.
<proofs/bridge_courses.pdf, id=268, page=3, 844.15375pt x 597.23125pt>
File: proofs/bridge_courses.pdf Graphic file (type pdf)
<use proofs/bridge_courses.pdf, page 3>
Package pdftex.def Info: proofs/bridge_courses.pdf , page3 used on input line 5
7.
(pdftex.def)             Requested size: 422.07584pt x 298.61488pt.

Overfull \hbox (77.07584pt too wide) in paragraph at lines 55--58
[] 
 []


Overfull \hbox (77.07584pt too wide) in paragraph at lines 55--58
[] 
 []


Overfull \hbox (77.07584pt too wide) in paragraph at lines 55--58
[] 
 []


Underfull \hbox (badness 10000) in paragraph at lines 55--58

 []

[15 <./proofs/ML_certificate.pdf, page is rotated 270 degrees>]
Overfull \vbox (68.0214pt too high) has occurred while \output is active []


[16 <./proofs/bridge_courses.pdf> <./proofs/bridge_courses.pdf

pdfTeX warning: pdflatex (file ./proofs/bridge_courses.pdf): PDF inclusion: mul
tiple pdfs with page group included in a single page
>]
File: proofs/bridge_courses.pdf Graphic file (type pdf)
<use proofs/bridge_courses.pdf, page 1>
Package pdftex.def Info: proofs/bridge_courses.pdf , page1 used on input line 5
9.
(pdftex.def)             Requested size: 422.07584pt x 298.61488pt.

Overfull \hbox (77.07584pt too wide) in paragraph at lines 59--60
[] 
 []


Underfull \hbox (badness 10000) in paragraph at lines 59--60

 []

[17 <./proofs/bridge_courses.pdf>]
<proofs/chinese_2.pdf, id=326, page=1, 614.05411pt x 844.5954pt>
File: proofs/chinese_2.pdf Graphic file (type pdf)
<use proofs/chinese_2.pdf, page 1>
Package pdftex.def Info: proofs/chinese_2.pdf , page1 used on input line 61.
(pdftex.def)             Requested size: 307.02629pt x 422.29666pt.
 [18] [19 <./proofs/chinese_2.pdf>]
<proofs/chinese_1.pdf, id=336, page=1, 614.05411pt x 844.5954pt>
File: proofs/chinese_1.pdf Graphic file (type pdf)
<use proofs/chinese_1.pdf, page 1>
Package pdftex.def Info: proofs/chinese_1.pdf , page1 used on input line 63.
(pdftex.def)             Requested size: 307.02629pt x 422.29666pt.

Underfull \hbox (badness 10000) in paragraph at lines 63--64

 []

<proofs/french.pdf, id=337, page=1, 614.05411pt x 844.5954pt>
File: proofs/french.pdf Graphic file (type pdf)
<use proofs/french.pdf, page 1>
Package pdftex.def Info: proofs/french.pdf , page1 used on input line 65.
(pdftex.def)             Requested size: 307.02629pt x 422.29666pt.

Underfull \hbox (badness 10000) in paragraph at lines 65--66

 []

[20 <./proofs/chinese_1.pdf>]
<proofs/nss.pdf, id=343, page=2, 614.05411pt x 844.5954pt>
File: proofs/nss.pdf Graphic file (type pdf)
<use proofs/nss.pdf, page 2>
Package pdftex.def Info: proofs/nss.pdf , page2 used on input line 67.
(pdftex.def)             Requested size: 307.02629pt x 422.29666pt.

Underfull \hbox (badness 10000) in paragraph at lines 67--68

 []

[21 <./proofs/french.pdf>]
<proofs/wps.pdf, id=349, page=1, 614.05411pt x 844.5954pt>
File: proofs/wps.pdf Graphic file (type pdf)
<use proofs/wps.pdf, page 1>
Package pdftex.def Info: proofs/wps.pdf , page1 used on input line 69.
(pdftex.def)             Requested size: 307.02629pt x 422.29666pt.

Underfull \hbox (badness 10000) in paragraph at lines 69--70

 []

[22 <./proofs/nss.pdf>]
<proofs/spoken_eng.pdf, id=355, page=1, 614.05411pt x 844.5954pt>
File: proofs/spoken_eng.pdf Graphic file (type pdf)
<use proofs/spoken_eng.pdf, page 1>
Package pdftex.def Info: proofs/spoken_eng.pdf , page1 used on input line 71.
(pdftex.def)             Requested size: 307.02629pt x 422.29666pt.

Underfull \hbox (badness 10000) in paragraph at lines 71--72

 []

[23 <./proofs/wps.pdf>] [24 <./proofs/spoken_eng.pdf>] (./twopage.aux) ) 
Here is how much of TeX's memory you used:
 2880 strings out of 492982
 43195 string characters out of 6134895
 101913 words of memory out of 5000000
 6393 multiletter control sequences out of 15000+600000
 7903 words of font info for 28 fonts, out of 8000000 for 9000
 1141 hyphenation exceptions out of 8191
 41i,6n,39p,274b,119s stack positions out of 5000i,500n,10000p,200000b,80000s
</usr/s
hare/texlive/texmf-dist/fonts/type1/public/amsfonts/cm/cmbx12.pfb></usr/share/t
exlive/texmf-dist/fonts/type1/public/amsfonts/cm/cmr10.pfb></usr/share/texlive/
texmf-dist/fonts/type1/public/amsfonts/cm/cmr12.pfb>
Output written on twopage.pdf (24 pages, 11412504 bytes).
PDF statistics:
 378 PDF objects out of 1000 (max. 8388607)
 244 compressed objects within 3 object streams
 0 named destinations out of 1000 (max. 500000)
 136 words of extra memory for PDF output out of 10000 (max. 10000000)

